Build started 2016/11/29 下午 04:01:26.
     1>Project "C:\Users\USER\Desktop\OpenCV_HOG_test\OpenCV_HOG_test\OpenCV_HOG_test.vcxproj" on node 2 (Build target(s)).
     1>ClCompile:
         C:\Program Files (x86)\Microsoft Visual Studio 12.0\VC\bin\CL.exe /c /I\..\..\include /ZI /nologo /W3 /WX- /sdl /Od /Oy- /D WIN32 /D _DEBUG /D _CONSOLE /D _LIB /D _UNICODE /D UNICODE /Gm /EHsc /RTC1 /MDd /GS /fp:precise /Zc:wchar_t /Zc:forScope /Fo"Debug\\" /Fd"Debug\vc120.pdb" /Gd /TP /analyze- /errorReport:prompt OpenCV_HOG_test.cpp
         OpenCV_HOG_test.cpp
     1>c:\users\user\desktop\opencv_hog_test\opencv_hog_test\opencv_hog_test.cpp(1): fatal error C1083: Cannot open include file: 'opencv2/core/core.hpp': No such file or directory
     1>Done Building Project "C:\Users\USER\Desktop\OpenCV_HOG_test\OpenCV_HOG_test\OpenCV_HOG_test.vcxproj" (Build target(s)) -- FAILED.

Build FAILED.

Time Elapsed 00:00:00.15
